Using pre-set license
Built from '2020.3/release' branch; Version is '2020.3.12f1 (b3b2c6512326) revision 11776710'; Using compiler version '192528614'; Build Type 'Release'
OS: 'Windows 10 Pro; OS build 19045.3086; Version 2009; 64bit' Language: 'en' Physical Memory: 7989 MB
BatchMode: 1, IsHumanControllingUs: 0, StartBugReporterOnCrash: 0, Is64bit: 1, IsPro: 0

 COMMAND LINE ARGUMENTS:
C:\Program Files\Unity\Hub\Editor\2020.3.12f1\Editor\Unity.exe
-adb2
-batchMode
-noUpm
-name
AssetImportWorker2
-projectPath
C:/Users/Ninja33/Documents/GitHub/Shape-Jam/BS- Shape Jam
-logFile
Logs/AssetImportWorker2.log
-srvPort
54043
Successfully changed project path to: C:/Users/Ninja33/Documents/GitHub/Shape-Jam/BS- Shape Jam
C:/Users/Ninja33/Documents/GitHub/Shape-Jam/BS- Shape Jam
Using Asset Import Pipeline V2.
Refreshing native plugins compatible for Editor in 82.29 ms, found 2 plugins.
Preloading 0 native plugins for Editor in 0.00 ms.
Initialize engine version: 2020.3.12f1 (b3b2c6512326)
[Subsystems] Discovering subsystems at path C:/Program Files/Unity/Hub/Editor/2020.3.12f1/Editor/Data/Resources/UnitySubsystems
[Subsystems] Discovering subsystems at path C:/Users/Ninja33/Documents/GitHub/Shape-Jam/BS- Shape Jam/Assets
GfxDevice: creating device client; threaded=0
Direct3D:
    Version:  Direct3D 11.0 [level 10.0]
    Renderer: Intel(R) HD Graphics (ID=0x46)
    Vendor:   
    VRAM:     128 MB
    Driver:   8.15.10.2900
Initialize mono
Mono path[0] = 'C:/Program Files/Unity/Hub/Editor/2020.3.12f1/Editor/Data/Managed'
Mono path[1] = 'C:/Program Files/Unity/Hub/Editor/2020.3.12f1/Editor/Data/MonoBleedingEdge/lib/mono/unityjit'
Mono config path = 'C:/Program Files/Unity/Hub/Editor/2020.3.12f1/Editor/Data/MonoBleedingEdge/etc'
Using monoOptions --debugger-agent=transport=dt_socket,embedding=1,server=y,suspend=n,address=127.0.0.1:56940
Begin MonoManager ReloadAssembly
Registering precompiled unity dll's ...
Register platform support module: C:/Program Files/Unity/Hub/Editor/2020.3.12f1/Editor/Data/PlaybackEngines/WindowsStandaloneSupport/UnityEditor.WindowsStandalone.Extensions.dll
Registered in 0.005183 seconds.
Native extension for WindowsStandalone target not found
Refreshing native plugins compatible for Editor in 89.62 ms, found 2 plugins.
Preloading 0 native plugins for Editor in 0.00 ms.
Mono: successfully reloaded assembly
- Completed reload, in  3.380 seconds
Platform modules already initialized, skipping
Registering precompiled user dll's ...
Registered in 0.010202 seconds.
Begin MonoManager ReloadAssembly
Native extension for WindowsStandalone target not found
Refreshing native plugins compatible for Editor in 0.84 ms, found 2 plugins.
Preloading 0 native plugins for Editor in 0.00 ms.
Mono: successfully reloaded assembly
- Completed reload, in 12.477 seconds
Platform modules already initialized, skipping
========================================================================
Worker process is ready to serve import requests
Launched and connected shader compiler UnityShaderCompiler.exe after 0.26 seconds
Refreshing native plugins compatible for Editor in 0.75 ms, found 2 plugins.
Preloading 0 native plugins for Editor in 0.00 ms.
Unloading 1398 Unused Serialized files (Serialized files now loaded: 0)
System memory in use before: 65.1 MB.
System memory in use after: 65.1 MB.

Unloading 19 unused Assets to reduce memory usage. Loaded Objects now: 1832.
Total: 4.474200 ms (FindLiveObjects: 0.327000 ms CreateObjectMapping: 0.114400 ms MarkObjects: 3.843700 ms  DeleteObjects: 0.185100 ms)

AssetImportParameters requested are different than current active one (requested -> active):
  custom:framework-win-MediaFoundation: 216162199b28c13a410421893ffa2e32 -> 
  custom:video-decoder-ogg-theora: a1e56fd34408186e4bbccfd4996cb3dc -> 
  custom:container-muxer-webm: aa71ff27fc2769a1b78a27578f13a17b -> 
  custom:container-demuxer-webm: 4f35f7cbe854078d1ac9338744f61a02 -> 
  custom:container-demuxer-ogg: 62fdf1f143b41e24485cea50d1cbac27 -> 
  custom:video-encoder-webm-vp8: eb34c28f22e8b96e1ab97ce403110664 -> 
  custom:video-decoder-webm-vp8: 9c59270c3fd7afecdb556c50c9e8de78 -> 
  custom:audio-decoder-ogg-vorbis: bf7c407c2cedff20999df2af8eb42d56 -> 
  custom:audio-encoder-webm-vorbis: bf7c407c2cedff20999df2af8eb42d56 -> 
========================================================================
Received Import Request.
  path: Assets/Scripts/EnemyEmitterController.cs
  artifactKey: Guid(8407151a7f819884d88a69a41deb5c13) Importer(815301076,1909f56bfc062723c751e8b465ee728b)
Start importing Assets/Scripts/EnemyEmitterController.cs using Guid(8407151a7f819884d88a69a41deb5c13) Importer(815301076,1909f56bfc062723c751e8b465ee728b)  -> (artifact id: '70435a20f1f798f5c7bb2a8824117b7b') in 0.146363 seconds 
  Import took 0.155156 seconds .

========================================================================
Received Import Request.
  Time since last request: 43.345050 seconds.
  path: Assets/Materials/EnemyMaterial.mat
  artifactKey: Guid(45ae58d9910b94548a9e3d67d5fe33b5) Importer(815301076,1909f56bfc062723c751e8b465ee728b)
Start importing Assets/Materials/EnemyMaterial.mat using Guid(45ae58d9910b94548a9e3d67d5fe33b5) Importer(815301076,1909f56bfc062723c751e8b465ee728b)  -> (artifact id: '21930338303da4c7510b6bb3a6efd187') in 0.316168 seconds 
  Import took 0.332241 seconds .

========================================================================
Received Import Request.
  Time since last request: 0.000461 seconds.
  path: Assets/Materials/GiantEnemyMaterial.mat
  artifactKey: Guid(7cbf8342880ec6d4ba80625c13e2ac51) Importer(815301076,1909f56bfc062723c751e8b465ee728b)
Start importing Assets/Materials/GiantEnemyMaterial.mat using Guid(7cbf8342880ec6d4ba80625c13e2ac51) Importer(815301076,1909f56bfc062723c751e8b465ee728b)  -> (artifact id: '16c26fe464f4b16cf585d745a87cb7cc') in 0.082002 seconds 
  Import took 0.094380 seconds .

========================================================================
Received Import Request.
  Time since last request: 0.000559 seconds.
  path: Assets/Materials/whiteGlow.mat
  artifactKey: Guid(4b4c8c279add4264c9cee9ead63babad) Importer(815301076,1909f56bfc062723c751e8b465ee728b)
Start importing Assets/Materials/whiteGlow.mat using Guid(4b4c8c279add4264c9cee9ead63babad) Importer(815301076,1909f56bfc062723c751e8b465ee728b)  -> (artifact id: 'a9545e87445b4d29a69ae904b243d1b0') in 0.741582 seconds 
  Import took 0.751168 seconds .

========================================================================
Received Import Request.
  Time since last request: 0.000470 seconds.
  path: Assets/Fonts/PressStart2P.ttf
  artifactKey: Guid(73e99cab79079e543888edce48df8b84) Importer(815301076,1909f56bfc062723c751e8b465ee728b)
Start importing Assets/Fonts/PressStart2P.ttf using Guid(73e99cab79079e543888edce48df8b84) Importer(815301076,1909f56bfc062723c751e8b465ee728b)  -> (artifact id: '99df1c75ca16a9784ccaaef1f5d5f239') in 0.155929 seconds 
  Import took 0.163485 seconds .

========================================================================
Received Import Request.
  Time since last request: 0.000422 seconds.
  path: Assets/Materials/PlayerMaterial.mat
  artifactKey: Guid(2927dd2e6435c0b4994ac8545aaad398) Importer(815301076,1909f56bfc062723c751e8b465ee728b)
Start importing Assets/Materials/PlayerMaterial.mat using Guid(2927dd2e6435c0b4994ac8545aaad398) Importer(815301076,1909f56bfc062723c751e8b465ee728b)  -> (artifact id: '344539a47c23b1351806770ec2699d2d') in 0.101504 seconds 
  Import took 0.109910 seconds .

========================================================================
Received Import Request.
  Time since last request: 0.000414 seconds.
  path: Assets/Materials/PowerupMaterial.mat
  artifactKey: Guid(8208fa30f4373024aa8cad2597fc1626) Importer(815301076,1909f56bfc062723c751e8b465ee728b)
Start importing Assets/Materials/PowerupMaterial.mat using Guid(8208fa30f4373024aa8cad2597fc1626) Importer(815301076,1909f56bfc062723c751e8b465ee728b)  -> (artifact id: 'a576cd6a72e89157e069920298debba6') in 0.105346 seconds 
  Import took 0.115068 seconds .

========================================================================
Received Import Request.
  Time since last request: 0.000476 seconds.
  path: Assets/Materials/ProjectileMaterial.mat
  artifactKey: Guid(a9ca77562ed4b0e4ba95f4c442bc0bc9) Importer(815301076,1909f56bfc062723c751e8b465ee728b)
Start importing Assets/Materials/ProjectileMaterial.mat using Guid(a9ca77562ed4b0e4ba95f4c442bc0bc9) Importer(815301076,1909f56bfc062723c751e8b465ee728b)  -> (artifact id: '54b8f0f3a6a46558cd210afe620ba937') in 0.100290 seconds 
  Import took 0.108707 seconds .

========================================================================
Received Import Request.
  Time since last request: 0.125086 seconds.
  path: Assets/Audio/09battle2.wav
  artifactKey: Guid(ac677dca9468fa142bfd4e48b05242ce) Importer(815301076,1909f56bfc062723c751e8b465ee728b)
Start importing Assets/Audio/09battle2.wav using Guid(ac677dca9468fa142bfd4e48b05242ce) Importer(815301076,1909f56bfc062723c751e8b465ee728b)  -> (artifact id: '99ed87847395dd4ffb300d5f1d81888b') in 0.226477 seconds 
  Import took 0.234279 seconds .

========================================================================
Received Prepare
Registering precompiled user dll's ...
Registered in 0.021832 seconds.
Begin MonoManager ReloadAssembly
Native extension for WindowsStandalone target not found
Refreshing native plugins compatible for Editor in 1.06 ms, found 2 plugins.
Preloading 0 native plugins for Editor in 0.00 ms.
Mono: successfully reloaded assembly
- Completed reload, in  4.176 seconds
Platform modules already initialized, skipping
Refreshing native plugins compatible for Editor in 1.00 ms, found 2 plugins.
Preloading 0 native plugins for Editor in 0.00 ms.
Unloading 1393 Unused Serialized files (Serialized files now loaded: 0)
System memory in use before: 68.5 MB.
System memory in use after: 68.6 MB.

Unloading 14 unused Assets to reduce memory usage. Loaded Objects now: 1881.
Total: 8.535000 ms (FindLiveObjects: 0.593400 ms CreateObjectMapping: 0.152400 ms MarkObjects: 7.619000 ms  DeleteObjects: 0.165800 ms)

AssetImportParameters requested are different than current active one (requested -> active):
  custom:framework-win-MediaFoundation: 216162199b28c13a410421893ffa2e32 -> 
  custom:video-decoder-ogg-theora: a1e56fd34408186e4bbccfd4996cb3dc -> 
  custom:container-muxer-webm: aa71ff27fc2769a1b78a27578f13a17b -> 
  custom:container-demuxer-webm: 4f35f7cbe854078d1ac9338744f61a02 -> 
  custom:container-demuxer-ogg: 62fdf1f143b41e24485cea50d1cbac27 -> 
  custom:video-encoder-webm-vp8: eb34c28f22e8b96e1ab97ce403110664 -> 
  custom:video-decoder-webm-vp8: 9c59270c3fd7afecdb556c50c9e8de78 -> 
  custom:audio-decoder-ogg-vorbis: bf7c407c2cedff20999df2af8eb42d56 -> 
  custom:audio-encoder-webm-vorbis: bf7c407c2cedff20999df2af8eb42d56 -> 
========================================================================
Received Import Request.
  Time since last request: 302.588462 seconds.
  path: Assets/Scripts/EnemyEmitterController.cs
  artifactKey: Guid(8407151a7f819884d88a69a41deb5c13) Importer(815301076,1909f56bfc062723c751e8b465ee728b)
Start importing Assets/Scripts/EnemyEmitterController.cs using Guid(8407151a7f819884d88a69a41deb5c13) Importer(815301076,1909f56bfc062723c751e8b465ee728b)  -> (artifact id: '12ab6370ee53eef6a238d3ab1650c1be') in 0.043209 seconds 
  Import took 0.052105 seconds .

========================================================================
Received Import Request.
  Time since last request: 2.132946 seconds.
  path: Assets/Scripts/EnemyEmitterController.cs
  artifactKey: Guid(8407151a7f819884d88a69a41deb5c13) Importer(815301076,1909f56bfc062723c751e8b465ee728b)
Start importing Assets/Scripts/EnemyEmitterController.cs using Guid(8407151a7f819884d88a69a41deb5c13) Importer(815301076,1909f56bfc062723c751e8b465ee728b)  -> (artifact id: '12ab6370ee53eef6a238d3ab1650c1be') in 0.009160 seconds 
  Import took 0.018301 seconds .

========================================================================
Received Prepare
Registering precompiled user dll's ...
Registered in 0.015472 seconds.
Begin MonoManager ReloadAssembly
Native extension for WindowsStandalone target not found
Refreshing native plugins compatible for Editor in 0.87 ms, found 2 plugins.
Preloading 0 native plugins for Editor in 0.00 ms.
Mono: successfully reloaded assembly
- Completed reload, in  2.356 seconds
Platform modules already initialized, skipping
Refreshing native plugins compatible for Editor in 1.03 ms, found 2 plugins.
Preloading 0 native plugins for Editor in 0.00 ms.
Unloading 1393 Unused Serialized files (Serialized files now loaded: 0)
System memory in use before: 68.6 MB.
System memory in use after: 68.6 MB.

Unloading 14 unused Assets to reduce memory usage. Loaded Objects now: 1884.
Total: 4.721200 ms (FindLiveObjects: 0.326700 ms CreateObjectMapping: 0.107600 ms MarkObjects: 4.142400 ms  DeleteObjects: 0.140800 ms)

AssetImportParameters requested are different than current active one (requested -> active):
  custom:framework-win-MediaFoundation: 216162199b28c13a410421893ffa2e32 -> 
  custom:video-decoder-ogg-theora: a1e56fd34408186e4bbccfd4996cb3dc -> 
  custom:container-muxer-webm: aa71ff27fc2769a1b78a27578f13a17b -> 
  custom:container-demuxer-webm: 4f35f7cbe854078d1ac9338744f61a02 -> 
  custom:container-demuxer-ogg: 62fdf1f143b41e24485cea50d1cbac27 -> 
  custom:video-encoder-webm-vp8: eb34c28f22e8b96e1ab97ce403110664 -> 
  custom:video-decoder-webm-vp8: 9c59270c3fd7afecdb556c50c9e8de78 -> 
  custom:audio-decoder-ogg-vorbis: bf7c407c2cedff20999df2af8eb42d56 -> 
  custom:audio-encoder-webm-vorbis: bf7c407c2cedff20999df2af8eb42d56 -> 
========================================================================
Received Import Request.
  Time since last request: 231.639377 seconds.
  path: Assets/Scripts/EnemyEmitterController.cs
  artifactKey: Guid(8407151a7f819884d88a69a41deb5c13) Importer(815301076,1909f56bfc062723c751e8b465ee728b)
Start importing Assets/Scripts/EnemyEmitterController.cs using Guid(8407151a7f819884d88a69a41deb5c13) Importer(815301076,1909f56bfc062723c751e8b465ee728b)  -> (artifact id: 'f0c4a9c4ead09333f206b78310e2bd0b') in 0.011168 seconds 
  Import took 0.023993 seconds .

========================================================================
Received Import Request.
  Time since last request: 3.344661 seconds.
  path: Assets/Scripts/EnemyEmitterController.cs
  artifactKey: Guid(8407151a7f819884d88a69a41deb5c13) Importer(815301076,1909f56bfc062723c751e8b465ee728b)
Start importing Assets/Scripts/EnemyEmitterController.cs using Guid(8407151a7f819884d88a69a41deb5c13) Importer(815301076,1909f56bfc062723c751e8b465ee728b)  -> (artifact id: 'f0c4a9c4ead09333f206b78310e2bd0b') in 0.010757 seconds 
  Import took 0.016962 seconds .

========================================================================
Received Prepare
Registering precompiled user dll's ...
Registered in 0.008530 seconds.
Begin MonoManager ReloadAssembly
Native extension for WindowsStandalone target not found
Refreshing native plugins compatible for Editor in 1.09 ms, found 2 plugins.
Preloading 0 native plugins for Editor in 0.00 ms.
Mono: successfully reloaded assembly
- Completed reload, in  2.342 seconds
Platform modules already initialized, skipping
Refreshing native plugins compatible for Editor in 0.87 ms, found 2 plugins.
Preloading 0 native plugins for Editor in 0.00 ms.
Unloading 1393 Unused Serialized files (Serialized files now loaded: 0)
System memory in use before: 68.6 MB.
System memory in use after: 68.6 MB.

Unloading 14 unused Assets to reduce memory usage. Loaded Objects now: 1887.
Total: 4.761600 ms (FindLiveObjects: 0.316400 ms CreateObjectMapping: 0.106900 ms MarkObjects: 4.212200 ms  DeleteObjects: 0.122400 ms)

AssetImportParameters requested are different than current active one (requested -> active):
  custom:framework-win-MediaFoundation: 216162199b28c13a410421893ffa2e32 -> 
  custom:video-decoder-ogg-theora: a1e56fd34408186e4bbccfd4996cb3dc -> 
  custom:container-muxer-webm: aa71ff27fc2769a1b78a27578f13a17b -> 
  custom:container-demuxer-webm: 4f35f7cbe854078d1ac9338744f61a02 -> 
  custom:container-demuxer-ogg: 62fdf1f143b41e24485cea50d1cbac27 -> 
  custom:video-encoder-webm-vp8: eb34c28f22e8b96e1ab97ce403110664 -> 
  custom:video-decoder-webm-vp8: 9c59270c3fd7afecdb556c50c9e8de78 -> 
  custom:audio-decoder-ogg-vorbis: bf7c407c2cedff20999df2af8eb42d56 -> 
  custom:audio-encoder-webm-vorbis: bf7c407c2cedff20999df2af8eb42d56 -> 
