Using pre-set license
Built from '2020.3/release' branch; Version is '2020.3.12f1 (b3b2c6512326) revision 11776710'; Using compiler version '192528614'; Build Type 'Release'
OS: 'Windows 10 Pro; OS build 19045.3086; Version 2009; 64bit' Language: 'en' Physical Memory: 7989 MB
BatchMode: 1, IsHumanControllingUs: 0, StartBugReporterOnCrash: 0, Is64bit: 1, IsPro: 0

 COMMAND LINE ARGUMENTS:
C:\Program Files\Unity\Hub\Editor\2020.3.12f1\Editor\Unity.exe
-adb2
-batchMode
-noUpm
-name
AssetImportWorker1
-projectPath
C:/Users/Ninja33/Documents/GitHub/Shape-Jam/BS- Shape Jam
-logFile
Logs/AssetImportWorker1.log
-srvPort
54299
Successfully changed project path to: C:/Users/Ninja33/Documents/GitHub/Shape-Jam/BS- Shape Jam
C:/Users/Ninja33/Documents/GitHub/Shape-Jam/BS- Shape Jam
Using Asset Import Pipeline V2.
Refreshing native plugins compatible for Editor in 71.46 ms, found 2 plugins.
Preloading 0 native plugins for Editor in 0.00 ms.
Initialize engine version: 2020.3.12f1 (b3b2c6512326)
[Subsystems] Discovering subsystems at path C:/Program Files/Unity/Hub/Editor/2020.3.12f1/Editor/Data/Resources/UnitySubsystems
[Subsystems] Discovering subsystems at path C:/Users/Ninja33/Documents/GitHub/Shape-Jam/BS- Shape Jam/Assets
GfxDevice: creating device client; threaded=0
Direct3D:
    Version:  Direct3D 11.0 [level 10.0]
    Renderer: Intel(R) HD Graphics (ID=0x46)
    Vendor:   
    VRAM:     128 MB
    Driver:   8.15.10.2900
Initialize mono
Mono path[0] = 'C:/Program Files/Unity/Hub/Editor/2020.3.12f1/Editor/Data/Managed'
Mono path[1] = 'C:/Program Files/Unity/Hub/Editor/2020.3.12f1/Editor/Data/MonoBleedingEdge/lib/mono/unityjit'
Mono config path = 'C:/Program Files/Unity/Hub/Editor/2020.3.12f1/Editor/Data/MonoBleedingEdge/etc'
Using monoOptions --debugger-agent=transport=dt_socket,embedding=1,server=y,suspend=n,address=127.0.0.1:56708
Begin MonoManager ReloadAssembly
Registering precompiled unity dll's ...
Register platform support module: C:/Program Files/Unity/Hub/Editor/2020.3.12f1/Editor/Data/PlaybackEngines/WindowsStandaloneSupport/UnityEditor.WindowsStandalone.Extensions.dll
Registered in 0.004653 seconds.
Native extension for WindowsStandalone target not found
Refreshing native plugins compatible for Editor in 68.46 ms, found 2 plugins.
Preloading 0 native plugins for Editor in 0.00 ms.
Mono: successfully reloaded assembly
- Completed reload, in  2.451 seconds
Platform modules already initialized, skipping
Registering precompiled user dll's ...
Registered in 0.008882 seconds.
Begin MonoManager ReloadAssembly
Native extension for WindowsStandalone target not found
Refreshing native plugins compatible for Editor in 0.76 ms, found 2 plugins.
Preloading 0 native plugins for Editor in 0.00 ms.
Mono: successfully reloaded assembly
- Completed reload, in  9.220 seconds
Platform modules already initialized, skipping
========================================================================
Worker process is ready to serve import requests
Launched and connected shader compiler UnityShaderCompiler.exe after 0.17 seconds
Refreshing native plugins compatible for Editor in 0.70 ms, found 2 plugins.
Preloading 0 native plugins for Editor in 0.00 ms.
Unloading 1398 Unused Serialized files (Serialized files now loaded: 0)
System memory in use before: 65.0 MB.
System memory in use after: 65.1 MB.

Unloading 19 unused Assets to reduce memory usage. Loaded Objects now: 1832.
Total: 4.768100 ms (FindLiveObjects: 0.309400 ms CreateObjectMapping: 0.108000 ms MarkObjects: 4.154200 ms  DeleteObjects: 0.192800 ms)

AssetImportParameters requested are different than current active one (requested -> active):
  custom:framework-win-MediaFoundation: 216162199b28c13a410421893ffa2e32 -> 
  custom:video-decoder-ogg-theora: a1e56fd34408186e4bbccfd4996cb3dc -> 
  custom:container-muxer-webm: aa71ff27fc2769a1b78a27578f13a17b -> 
  custom:container-demuxer-webm: 4f35f7cbe854078d1ac9338744f61a02 -> 
  custom:container-demuxer-ogg: 62fdf1f143b41e24485cea50d1cbac27 -> 
  custom:video-encoder-webm-vp8: eb34c28f22e8b96e1ab97ce403110664 -> 
  custom:video-decoder-webm-vp8: 9c59270c3fd7afecdb556c50c9e8de78 -> 
  custom:audio-decoder-ogg-vorbis: bf7c407c2cedff20999df2af8eb42d56 -> 
  custom:audio-encoder-webm-vorbis: bf7c407c2cedff20999df2af8eb42d56 -> 
========================================================================
Received Import Request.
  path: Assets/Scenes
  artifactKey: Guid(1c2deb8c3060d2a439cf4e4e90ef4b0f) Importer(815301076,1909f56bfc062723c751e8b465ee728b)
Start importing Assets/Scenes using Guid(1c2deb8c3060d2a439cf4e4e90ef4b0f) Importer(815301076,1909f56bfc062723c751e8b465ee728b)  -> (artifact id: 'f350cb419f91772d8a616fff42f7a2e5') in 0.010130 seconds 
  Import took 0.014942 seconds .

========================================================================
Received Import Request.
  Time since last request: 0.118518 seconds.
  path: Assets/Prefabs
  artifactKey: Guid(d54222c72a19ee949b8be127a4fd17db) Importer(815301076,1909f56bfc062723c751e8b465ee728b)
Start importing Assets/Prefabs using Guid(d54222c72a19ee949b8be127a4fd17db) Importer(815301076,1909f56bfc062723c751e8b465ee728b)  -> (artifact id: '88094e4d24ccfdc45ade8f95de38d97c') in 0.006645 seconds 
  Import took 0.012048 seconds .

========================================================================
Received Import Request.
  Time since last request: 0.064755 seconds.
  path: Assets/Scripts
  artifactKey: Guid(9bb2e13e1f92b5542a70bb29e13647ae) Importer(815301076,1909f56bfc062723c751e8b465ee728b)
Start importing Assets/Scripts using Guid(9bb2e13e1f92b5542a70bb29e13647ae) Importer(815301076,1909f56bfc062723c751e8b465ee728b)  -> (artifact id: '8cd3b3e0c3eb172519753ce571dcc3e6') in 0.024802 seconds 
  Import took 0.030162 seconds .

========================================================================
Received Import Request.
  Time since last request: 0.005010 seconds.
  path: Assets/Audio
  artifactKey: Guid(350bd7f7fe569bb4eb2cc699fb27cb75) Importer(815301076,1909f56bfc062723c751e8b465ee728b)
Start importing Assets/Audio using Guid(350bd7f7fe569bb4eb2cc699fb27cb75) Importer(815301076,1909f56bfc062723c751e8b465ee728b)  -> (artifact id: '8f203390bac6b8f212f5d6352046a215') in 0.025587 seconds 
  Import took 0.031548 seconds .

========================================================================
Received Import Request.
  Time since last request: 0.055561 seconds.
  path: Assets/Scenes/SampleScene.unity
  artifactKey: Guid(9fc0d4010bbf28b4594072e72b8655ab) Importer(815301076,1909f56bfc062723c751e8b465ee728b)
Start importing Assets/Scenes/SampleScene.unity using Guid(9fc0d4010bbf28b4594072e72b8655ab) Importer(815301076,1909f56bfc062723c751e8b465ee728b)  -> (artifact id: '7c25328c80d3dcc2bd2bf99760378271') in 0.036855 seconds 
  Import took 0.042138 seconds .

========================================================================
Received Import Request.
  Time since last request: 0.029394 seconds.
  path: Assets/Fonts
  artifactKey: Guid(3d99240f26de9874db0e3bdeb8833f02) Importer(815301076,1909f56bfc062723c751e8b465ee728b)
Start importing Assets/Fonts using Guid(3d99240f26de9874db0e3bdeb8833f02) Importer(815301076,1909f56bfc062723c751e8b465ee728b)  -> (artifact id: '29f880f5f71b6ecd9fe844a35838282b') in 0.026627 seconds 
  Import took 0.032696 seconds .

========================================================================
Received Import Request.
  Time since last request: 0.129524 seconds.
  path: Assets/Materials
  artifactKey: Guid(022acf017866a8747bd53450bc98e082) Importer(815301076,1909f56bfc062723c751e8b465ee728b)
Start importing Assets/Materials using Guid(022acf017866a8747bd53450bc98e082) Importer(815301076,1909f56bfc062723c751e8b465ee728b)  -> (artifact id: 'cf3713f1e9d6de390809861668e6719a') in 0.007500 seconds 
  Import took 0.014695 seconds .

AssetImportWorkerClient::OnTransportError - code=2 error=End of file
